INFO: [VRFC 10-2263] Analyzing Verilog file "H:/xilinx/Camera_Demo/Camera_Demo.ip_user_files/ip/RAM_Line/sim/RAM_Line.v" into library xil_defaultlib
INFO: [VRFC 10-311] analyzing module RAM_Line
INFO: [VRFC 10-2263] Analyzing Verilog file "H:/xilinx/Camera_Demo/Camera_Demo.ip_user_files/ip/AXIS_Data_RAM/sim/AXIS_Data_RAM.v" into library xil_defaultlib
INFO: [VRFC 10-311] analyzing module AXIS_Data_RAM
INFO: [VRFC 10-2263] Analyzing Verilog file "H:/xilinx/Camera_Demo/Camera_Demo.srcs/sources_1/ip/csi_to_axis_0/csi_to_axis_0_sim_netlist.v" into library xil_defaultlib
INFO: [VRFC 10-311] analyzing module csi_to_axis_0
INFO: [VRFC 10-311] analyzing module csi_to_axis_0_csi2_parser
INFO: [VRFC 10-311] analyzing module csi_to_axis_0_csi_to_axis_v1_0
INFO: [VRFC 10-311] analyzing module csi_to_axis_0_lane_align
INFO: [VRFC 10-311] analyzing module csi_to_axis_0_lane_merge
INFO: [VRFC 10-311] analyzing module glbl
INFO: [VRFC 10-2263] Analyzing Verilog file "H:/xilinx/Camera_Demo/Camera_Demo.srcs/sources_1/ip/csi2_d_phy_rx_0/csi2_d_phy_rx_0_sim_netlist.v" into library xil_defaultlib
INFO: [VRFC 10-311] analyzing module csi2_d_phy_rx_0
INFO: [VRFC 10-311] analyzing module csi2_d_phy_rx_0_csi2_d_phy_rx
INFO: [VRFC 10-311] analyzing module csi2_d_phy_rx_0_line_if
INFO: [VRFC 10-311] analyzing module csi2_d_phy_rx_0_line_if_0
INFO: [VRFC 10-311] analyzing module csi2_d_phy_rx_0_phy_clock_system
INFO: [VRFC 10-2263] Analyzing Verilog file "H:/xilinx/Camera_Demo/Camera_Demo.ip_user_files/ip/clk_wiz_1/clk_wiz_1_clk_wiz.v" into library xil_defaultlib
INFO: [VRFC 10-311] analyzing module clk_wiz_1_clk_wiz
INFO: [VRFC 10-2263] Analyzing Verilog file "H:/xilinx/Camera_Demo/Camera_Demo.ip_user_files/ip/clk_wiz_1/clk_wiz_1.v" into library xil_defaultlib
INFO: [VRFC 10-311] analyzing module clk_wiz_1
INFO: [VRFC 10-2263] Analyzing Verilog file "H:/xilinx/Camera_Demo/Camera_Demo.srcs/sources_1/ip/rgb2dvi_0/rgb2dvi_0_sim_netlist.v" into library xil_defaultlib
INFO: [VRFC 10-311] analyzing module rgb2dvi_0
INFO: [VRFC 10-311] analyzing module rgb2dvi_0_ClockGen
INFO: [VRFC 10-311] analyzing module rgb2dvi_0_OutputSERDES
INFO: [VRFC 10-311] analyzing module rgb2dvi_0_OutputSERDES_0
INFO: [VRFC 10-311] analyzing module rgb2dvi_0_OutputSERDES_2
INFO: [VRFC 10-311] analyzing module rgb2dvi_0_OutputSERDES_4
INFO: [VRFC 10-311] analyzing module rgb2dvi_0_ResetBridge
INFO: [VRFC 10-311] analyzing module rgb2dvi_0_ResetBridge_5
INFO: [VRFC 10-311] analyzing module rgb2dvi_0_SyncAsync
INFO: [VRFC 10-311] analyzing module rgb2dvi_0_SyncAsync_6
INFO: [VRFC 10-311] analyzing module rgb2dvi_0_SyncAsync__parameterized1
INFO: [VRFC 10-311] analyzing module rgb2dvi_0_TMDS_Encoder
INFO: [VRFC 10-311] analyzing module rgb2dvi_0_TMDS_Encoder_1
INFO: [VRFC 10-311] analyzing module rgb2dvi_0_TMDS_Encoder_3
INFO: [VRFC 10-311] analyzing module rgb2dvi_0_rgb2dvi
INFO: [VRFC 10-2263] Analyzing Verilog file "H:/xilinx/Camera_Demo/Camera_Demo.ip_user_files/ip/clk_wiz_0/clk_wiz_0_clk_wiz.v" into library xil_defaultlib
INFO: [VRFC 10-311] analyzing module clk_wiz_0_clk_wiz
INFO: [VRFC 10-2263] Analyzing Verilog file "H:/xilinx/Camera_Demo/Camera_Demo.ip_user_files/ip/clk_wiz_0/clk_wiz_0.v" into library xil_defaultlib
INFO: [VRFC 10-311] analyzing module clk_wiz_0
INFO: [VRFC 10-2263] Analyzing Verilog file "H:/xilinx/Camera_Demo/Camera_Demo.srcs/sources_1/new/Driver_Bayer_To_RGB.v" into library xil_defaultlib
INFO: [VRFC 10-311] analyzing module Driver_Bayer_To_RGB
INFO: [VRFC 10-2263] Analyzing Verilog file "H:/xilinx/Camera_Demo/Camera_Demo.srcs/sources_1/new/Driver_Csi_To_Dvp.v" into library xil_defaultlib
INFO: [VRFC 10-311] analyzing module Driver_Csi_To_Dvp
INFO: [VRFC 10-2263] Analyzing Verilog file "H:/xilinx/Camera_Demo/Camera_Demo.srcs/sources_1/new/Driver_IIC.v" into library xil_defaultlib
INFO: [VRFC 10-311] analyzing module Driver_IIC
INFO: [VRFC 10-2263] Analyzing Verilog file "H:/xilinx/Camera_Demo/Camera_Demo.srcs/sources_1/new/Driver_MIPI.v" into library xil_defaultlib
INFO: [VRFC 10-311] analyzing module Driver_MIPI
INFO: [VRFC 10-2263] Analyzing Verilog file "H:/xilinx/Camera_Demo/Camera_Demo.srcs/sources_1/new/OV5647_Init.v" into library xil_defaultlib
INFO: [VRFC 10-311] analyzing module OV5647_Init
INFO: [VRFC 10-311] analyzing module ROM_OV5647
INFO: [VRFC 10-2263] Analyzing Verilog file "H:/xilinx/Camera_Demo/Camera_Demo.srcs/sources_1/new/Trigger_Generator.v" into library xil_defaultlib
INFO: [VRFC 10-311] analyzing module Trigger_Generator
INFO: [VRFC 10-2263] Analyzing Verilog file "H:/xilinx/Camera_Demo/Camera_Demo.srcs/sources_1/new/Camera_Demo.v" into library xil_defaultlib
INFO: [VRFC 10-311] analyzing module Camera_Demo
INFO: [VRFC 10-2263] Analyzing Verilog file "H:/xilinx/Camera_Demo/Camera_Demo.sim/sim_1/behav/xsim/glbl.v" into library xil_defaultlib
INFO: [VRFC 10-311] analyzing module glbl
WARNING: [VRFC 10-3609] overwriting previous definition of module 'glbl' [H:/xilinx/Camera_Demo/Camera_Demo.sim/sim_1/behav/xsim/glbl.v:6]
