
*** Running vivado
    with args -log Camera_Demo.vds -m64 -product Vivado -mode batch -messageDb vivado.pb -notrace -source Camera_Demo.tcl


****** Vivado v2018.3 (64-bit)
  **** SW Build 2405991 on Thu Dec  6 23:38:27 MST 2018
  **** IP Build 2404404 on Fri Dec  7 01:43:56 MST 2018
    ** Copyright 1986-2018 Xilinx, Inc. All Rights Reserved.

source Camera_Demo.tcl -notrace
INFO: [IP_Flow 19-234] Refreshing IP repositories
INFO: [IP_Flow 19-1700] Loaded user IP repository 'h:/xilinx/Camera_Demo/IP_Core'.
INFO: [IP_Flow 19-2313] Loaded Vivado IP repository 'E:/VIVADO2018/Vivado/2018.3/data/ip'.
Command: synth_design -top Camera_Demo -part xc7s15ftgb196-1
Starting synth_design
Attempting to get a license for feature 'Synthesis' and/or device 'xc7s15'
INFO: [Common 17-349] Got license for feature 'Synthesis' and/or device 'xc7s15'
INFO: Launching helper process for spawning children vivado processes
INFO: Helper process launched with PID 4816 
WARNING: [Synth 8-2611] redeclaration of ansi port o_rgb_data_r is not allowed [H:/xilinx/Camera_Demo/Camera_Demo.srcs/sources_1/new/Driver_Bayer_To_RGB.v:78]
WARNING: [Synth 8-2611] redeclaration of ansi port o_rgb_data_g is not allowed [H:/xilinx/Camera_Demo/Camera_Demo.srcs/sources_1/new/Driver_Bayer_To_RGB.v:79]
WARNING: [Synth 8-2611] redeclaration of ansi port o_rgb_data_b is not allowed [H:/xilinx/Camera_Demo/Camera_Demo.srcs/sources_1/new/Driver_Bayer_To_RGB.v:80]
WARNING: [Synth 8-2611] redeclaration of ansi port data_out is not allowed [H:/xilinx/Camera_Demo/Camera_Demo.srcs/sources_1/new/bianjie_disp.v:36]
WARNING: [Synth 8-2611] redeclaration of ansi port hang_flag is not allowed [H:/xilinx/Camera_Demo/Camera_Demo.srcs/sources_1/new/boundry_tracking.v:39]
WARNING: [Synth 8-2611] redeclaration of ansi port lie_flag is not allowed [H:/xilinx/Camera_Demo/Camera_Demo.srcs/sources_1/new/boundry_tracking.v:40]
WARNING: [Synth 8-2611] redeclaration of ansi port hang_up is not allowed [H:/xilinx/Camera_Demo/Camera_Demo.srcs/sources_1/new/boundry_tracking.v:43]
WARNING: [Synth 8-2611] redeclaration of ansi port hang_down is not allowed [H:/xilinx/Camera_Demo/Camera_Demo.srcs/sources_1/new/boundry_tracking.v:44]
WARNING: [Synth 8-2611] redeclaration of ansi port lie_left is not allowed [H:/xilinx/Camera_Demo/Camera_Demo.srcs/sources_1/new/boundry_tracking.v:45]
WARNING: [Synth 8-2611] redeclaration of ansi port lie_right is not allowed [H:/xilinx/Camera_Demo/Camera_Demo.srcs/sources_1/new/boundry_tracking.v:46]
WARNING: [Synth 8-2611] redeclaration of ansi port data_out is not allowed [H:/xilinx/Camera_Demo/Camera_Demo.srcs/sources_1/new/boundry_tracking.v:47]
WARNING: [Synth 8-2611] redeclaration of ansi port data_valid is not allowed [H:/xilinx/Camera_Demo/Camera_Demo.srcs/sources_1/new/boundry_tracking.v:48]
---------------------------------------------------------------------------------
Starting RTL Elaboration : Time (s): cpu = 00:00:02 ; elapsed = 00:00:03 . Memory (MB): peak = 484.762 ; gain = 117.473
---------------------------------------------------------------------------------
INFO: [Synth 8-6157] synthesizing module 'Camera_Demo' [H:/xilinx/Camera_Demo/Camera_Demo.srcs/sources_1/new/Camera_Demo.v:23]
INFO: [Synth 8-6157] synthesizing module 'clk_wiz_0' [H:/xilinx/Camera_Demo/Camera_Demo.runs/synth_1/.Xil/Vivado-11352-Gaojiahao/realtime/clk_wiz_0_stub.v:5]
INFO: [Synth 8-6155] done synthesizing module 'clk_wiz_0' (1#1) [H:/xilinx/Camera_Demo/Camera_Demo.runs/synth_1/.Xil/Vivado-11352-Gaojiahao/realtime/clk_wiz_0_stub.v:5]
INFO: [Synth 8-6157] synthesizing module 'rgb2dvi_0' [H:/xilinx/Camera_Demo/Camera_Demo.runs/synth_1/.Xil/Vivado-11352-Gaojiahao/realtime/rgb2dvi_0_stub.v:6]
INFO: [Synth 8-6155] done synthesizing module 'rgb2dvi_0' (2#1) [H:/xilinx/Camera_Demo/Camera_Demo.runs/synth_1/.Xil/Vivado-11352-Gaojiahao/realtime/rgb2dvi_0_stub.v:6]
INFO: [Synth 8-6157] synthesizing module 'Driver_MIPI' [H:/xilinx/Camera_Demo/Camera_Demo.srcs/sources_1/new/Driver_MIPI.v:23]
INFO: [Synth 8-6157] synthesizing module 'clk_wiz_1' [H:/xilinx/Camera_Demo/Camera_Demo.runs/synth_1/.Xil/Vivado-11352-Gaojiahao/realtime/clk_wiz_1_stub.v:5]
INFO: [Synth 8-6155] done synthesizing module 'clk_wiz_1' (3#1) [H:/xilinx/Camera_Demo/Camera_Demo.runs/synth_1/.Xil/Vivado-11352-Gaojiahao/realtime/clk_wiz_1_stub.v:5]
INFO: [Synth 8-6157] synthesizing module 'csi2_d_phy_rx_0' [H:/xilinx/Camera_Demo/Camera_Demo.runs/synth_1/.Xil/Vivado-11352-Gaojiahao/realtime/csi2_d_phy_rx_0_stub.v:6]
INFO: [Synth 8-6155] done synthesizing module 'csi2_d_phy_rx_0' (4#1) [H:/xilinx/Camera_Demo/Camera_Demo.runs/synth_1/.Xil/Vivado-11352-Gaojiahao/realtime/csi2_d_phy_rx_0_stub.v:6]
WARNING: [Synth 8-350] instance 'Data_Read' of module 'csi2_d_phy_rx_0' requires 33 connections, but only 25 given [H:/xilinx/Camera_Demo/Camera_Demo.srcs/sources_1/new/Driver_MIPI.v:78]
INFO: [Synth 8-6157] synthesizing module 'csi_to_axis_0' [H:/xilinx/Camera_Demo/Camera_Demo.runs/synth_1/.Xil/Vivado-11352-Gaojiahao/realtime/csi_to_axis_0_stub.v:6]
INFO: [Synth 8-6155] done synthesizing module 'csi_to_axis_0' (5#1) [H:/xilinx/Camera_Demo/Camera_Demo.runs/synth_1/.Xil/Vivado-11352-Gaojiahao/realtime/csi_to_axis_0_stub.v:6]
INFO: [Synth 8-6157] synthesizing module 'Driver_Csi_To_Dvp' [H:/xilinx/Camera_Demo/Camera_Demo.srcs/sources_1/new/Driver_Csi_To_Dvp.v:23]
	Parameter Default_AXIS_TREADY bound to: 1'b1 
	Parameter WIDTH bound to: 12 - type: integer 
	Parameter HSIZE bound to: 1280 - type: integer 
	Parameter HFP bound to: 1390 - type: integer 
	Parameter HSP bound to: 1430 - type: integer 
	Parameter HMAX bound to: 1650 - type: integer 
	Parameter VSIZE bound to: 720 - type: integer 
	Parameter VFP bound to: 725 - type: integer 
	Parameter VSP bound to: 730 - type: integer 
	Parameter VMAX bound to: 750 - type: integer 
	Parameter HSPP bound to: 0 - type: integer 
	Parameter VSPP bound to: 0 - type: integer 
INFO: [Synth 8-6157] synthesizing module 'AXIS_Data_RAM' [H:/xilinx/Camera_Demo/Camera_Demo.runs/synth_1/.Xil/Vivado-11352-Gaojiahao/realtime/AXIS_Data_RAM_stub.v:6]
INFO: [Synth 8-6155] done synthesizing module 'AXIS_Data_RAM' (6#1) [H:/xilinx/Camera_Demo/Camera_Demo.runs/synth_1/.Xil/Vivado-11352-Gaojiahao/realtime/AXIS_Data_RAM_stub.v:6]
INFO: [Synth 8-6155] done synthesizing module 'Driver_Csi_To_Dvp' (7#1) [H:/xilinx/Camera_Demo/Camera_Demo.srcs/sources_1/new/Driver_Csi_To_Dvp.v:23]
INFO: [Synth 8-6157] synthesizing module 'Driver_Bayer_To_RGB' [H:/xilinx/Camera_Demo/Camera_Demo.srcs/sources_1/new/Driver_Bayer_To_RGB.v:23]
	Parameter WIDTH bound to: 12 - type: integer 
	Parameter HSIZE bound to: 1280 - type: integer 
	Parameter HFP bound to: 1390 - type: integer 
	Parameter HSP bound to: 1430 - type: integer 
	Parameter HMAX bound to: 1650 - type: integer 
	Parameter VSIZE bound to: 720 - type: integer 
	Parameter VFP bound to: 725 - type: integer 
	Parameter VSP bound to: 730 - type: integer 
	Parameter VMAX bound to: 750 - type: integer 
	Parameter HSPP bound to: 0 - type: integer 
	Parameter VSPP bound to: 0 - type: integer 
	Parameter DELAY_LINE bound to: 2 - type: integer 
	Parameter ST_IDLE bound to: 3'b000 
	Parameter ST_IDLE_START bound to: 3'b001 
	Parameter ST_PATTERN0 bound to: 3'b010 
	Parameter ST_PATTERN1 bound to: 3'b011 
	Parameter ST_IDLE_GR bound to: 3'b100 
	Parameter ST_PATTERN2 bound to: 3'b101 
	Parameter ST_PATTERN3 bound to: 3'b110 
INFO: [Synth 8-6157] synthesizing module 'RAM_Line' [H:/xilinx/Camera_Demo/Camera_Demo.runs/synth_1/.Xil/Vivado-11352-Gaojiahao/realtime/RAM_Line_stub.v:6]
INFO: [Synth 8-6155] done synthesizing module 'RAM_Line' (8#1) [H:/xilinx/Camera_Demo/Camera_Demo.runs/synth_1/.Xil/Vivado-11352-Gaojiahao/realtime/RAM_Line_stub.v:6]
INFO: [Synth 8-6155] done synthesizing module 'Driver_Bayer_To_RGB' (9#1) [H:/xilinx/Camera_Demo/Camera_Demo.srcs/sources_1/new/Driver_Bayer_To_RGB.v:23]
INFO: [Synth 8-6155] done synthesizing module 'Driver_MIPI' (10#1) [H:/xilinx/Camera_Demo/Camera_Demo.srcs/sources_1/new/Driver_MIPI.v:23]
INFO: [Synth 8-6157] synthesizing module 'RGB_To_Gray' [H:/xilinx/Camera_Demo/Camera_Demo.srcs/sources_1/new/RGB_To_Gray.v:22]
WARNING: [Synth 8-3936] Found unconnected internal register 'Out_Data_reg' and it is trimmed from '33' to '8' bits. [H:/xilinx/Camera_Demo/Camera_Demo.srcs/sources_1/new/RGB_To_Gray.v:33]
INFO: [Synth 8-6155] done synthesizing module 'RGB_To_Gray' (11#1) [H:/xilinx/Camera_Demo/Camera_Demo.srcs/sources_1/new/RGB_To_Gray.v:22]
INFO: [Synth 8-6157] synthesizing module 'Gray_To_Binarization' [H:/xilinx/Camera_Demo/Camera_Demo.srcs/sources_1/new/Gray_To_Binarization.v:23]
	Parameter thershold_value bound to: 8'b01010000 
WARNING: [Synth 8-567] referenced signal 'Gray_Data' should be on the sensitivity list [H:/xilinx/Camera_Demo/Camera_Demo.srcs/sources_1/new/Gray_To_Binarization.v:34]
INFO: [Synth 8-6155] done synthesizing module 'Gray_To_Binarization' (12#1) [H:/xilinx/Camera_Demo/Camera_Demo.srcs/sources_1/new/Gray_To_Binarization.v:23]
INFO: [Synth 8-6157] synthesizing module 'boundry_tracking' [H:/xilinx/Camera_Demo/Camera_Demo.srcs/sources_1/new/boundry_tracking.v:23]
	Parameter hang bound to: 32'b00000000000000000000001011010000 
	Parameter lie bound to: 32'b00000000000000000000010100000000 
WARNING: [Synth 8-5788] Register data_out_reg in module boundry_tracking is has both Set and reset with same priority. This may cause simulation mismatches. Consider rewriting code  [H:/xilinx/Camera_Demo/Camera_Demo.srcs/sources_1/new/boundry_tracking.v:68]
INFO: [Synth 8-6155] done synthesizing module 'boundry_tracking' (13#1) [H:/xilinx/Camera_Demo/Camera_Demo.srcs/sources_1/new/boundry_tracking.v:23]
INFO: [Synth 8-6157] synthesizing module 'bianjie_disp' [H:/xilinx/Camera_Demo/Camera_Demo.srcs/sources_1/new/bianjie_disp.v:23]
	Parameter width bound to: 8'b01100100 
INFO: [Synth 8-6155] done synthesizing module 'bianjie_disp' (14#1) [H:/xilinx/Camera_Demo/Camera_Demo.srcs/sources_1/new/bianjie_disp.v:23]
INFO: [Synth 8-6157] synthesizing module 'IOBUF' [E:/VIVADO2018/Vivado/2018.3/scripts/rt/data/unisim_comp.v:23615]
	Parameter DRIVE bound to: 12 - type: integer 
	Parameter IBUF_LOW_PWR bound to: TRUE - type: string 
	Parameter IOSTANDARD bound to: DEFAULT - type: string 
	Parameter SLEW bound to: SLOW - type: string 
INFO: [Synth 8-6155] done synthesizing module 'IOBUF' (15#1) [E:/VIVADO2018/Vivado/2018.3/scripts/rt/data/unisim_comp.v:23615]
INFO: [Synth 8-6157] synthesizing module 'OV5647_Init' [H:/xilinx/Camera_Demo/Camera_Demo.srcs/sources_1/new/OV5647_Init.v:23]
	Parameter SLAVE_ADDRESS bound to: 8'b01101100 
	Parameter INITIAL_NUM bound to: 8'b01011000 
	Parameter REG_ADDR2_EN bound to: 1'b1 
	Parameter WR_HOLD_T bound to: 4'b1010 
	Parameter WR_VALID bound to: 1'b1 
	Parameter WAIT_DELAY bound to: 20'b00011000011010100000 
	Parameter IDLE bound to: 2'b00 
	Parameter START bound to: 2'b01 
	Parameter WAIT bound to: 2'b10 
	Parameter END bound to: 2'b11 
INFO: [Synth 8-6157] synthesizing module 'ROM_OV5647' [H:/xilinx/Camera_Demo/Camera_Demo.srcs/sources_1/new/OV5647_Init.v:243]
INFO: [Synth 8-6155] done synthesizing module 'ROM_OV5647' (16#1) [H:/xilinx/Camera_Demo/Camera_Demo.srcs/sources_1/new/OV5647_Init.v:243]
INFO: [Synth 8-6157] synthesizing module 'Trigger_Generator' [H:/xilinx/Camera_Demo/Camera_Demo.srcs/sources_1/new/Trigger_Generator.v:23]
	Parameter ST_WAIT bound to: 2'b00 
	Parameter ST_START bound to: 2'b01 
	Parameter ST_HOLD bound to: 2'b10 
	Parameter ST_END bound to: 2'b11 
INFO: [Synth 8-6155] done synthesizing module 'Trigger_Generator' (17#1) [H:/xilinx/Camera_Demo/Camera_Demo.srcs/sources_1/new/Trigger_Generator.v:23]
WARNING: [Synth 8-6014] Unused sequential element en_rd_rom_reg was removed.  [H:/xilinx/Camera_Demo/Camera_Demo.srcs/sources_1/new/OV5647_Init.v:133]
INFO: [Synth 8-6155] done synthesizing module 'OV5647_Init' (18#1) [H:/xilinx/Camera_Demo/Camera_Demo.srcs/sources_1/new/OV5647_Init.v:23]
INFO: [Synth 8-6157] synthesizing module 'Driver_IIC' [H:/xilinx/Camera_Demo/Camera_Demo.srcs/sources_1/new/Driver_IIC.v:22]
	Parameter System_Clk_MHz bound to: 13'b0000001100100 
	Parameter Set_IIC_SCL_kHz bound to: 13'b0000001100100 
	Parameter SCL_Divider bound to: 13'b0000000000001 
	Parameter SCL_SUM bound to: 13'b0001111101000 
	Parameter SCL_H_START bound to: 0 - type: integer 
	Parameter SCL_H_CENTER bound to: 249 - type: integer 
	Parameter SCL_L_START bound to: 499 - type: integer 
	Parameter SCL_L_CENTER bound to: 749 - type: integer 
	Parameter ST_IDLE bound to: 5'b00000 
	Parameter ST_START bound to: 5'b00001 
	Parameter ST_W_SADDR bound to: 5'b00010 
	Parameter ST_ACK_0 bound to: 5'b00011 
	Parameter ST_W_ADDR_H bound to: 5'b00100 
	Parameter ST_ACK_1 bound to: 5'b00101 
	Parameter ST_W_ADDR_L bound to: 5'b00110 
	Parameter ST_ACK_2 bound to: 5'b00111 
	Parameter ST_W_DATA bound to: 5'b01000 
	Parameter ST_ACK_3 bound to: 5'b01001 
	Parameter ST_START_R bound to: 5'b01010 
	Parameter ST_W_SADDR_R bound to: 5'b01011 
	Parameter ST_ACK_4 bound to: 5'b01100 
	Parameter ST_R_DATA bound to: 5'b01101 
	Parameter ST_NACK bound to: 5'b01110 
	Parameter ST_STOP bound to: 5'b01111 
INFO: [Synth 8-155] case statement is not full and has no default [H:/xilinx/Camera_Demo/Camera_Demo.srcs/sources_1/new/Driver_IIC.v:388]
WARNING: [Synth 8-5788] Register data_r_o_reg in module Driver_IIC is has both Set and reset with same priority. This may cause simulation mismatches. Consider rewriting code  [H:/xilinx/Camera_Demo/Camera_Demo.srcs/sources_1/new/Driver_IIC.v:112]
INFO: [Synth 8-6155] done synthesizing module 'Driver_IIC' (19#1) [H:/xilinx/Camera_Demo/Camera_Demo.srcs/sources_1/new/Driver_IIC.v:22]
WARNING: [Synth 8-3848] Net iic_read in module/entity Camera_Demo does not have driver. [H:/xilinx/Camera_Demo/Camera_Demo.srcs/sources_1/new/Camera_Demo.v:173]
INFO: [Synth 8-6155] done synthesizing module 'Camera_Demo' (20#1) [H:/xilinx/Camera_Demo/Camera_Demo.srcs/sources_1/new/Camera_Demo.v:23]
WARNING: [Synth 8-3331] design Gray_To_Binarization has unconnected port Gray_Data[23]
WARNING: [Synth 8-3331] design Gray_To_Binarization has unconnected port Gray_Data[22]
WARNING: [Synth 8-3331] design Gray_To_Binarization has unconnected port Gray_Data[21]
WARNING: [Synth 8-3331] design Gray_To_Binarization has unconnected port Gray_Data[20]
WARNING: [Synth 8-3331] design Gray_To_Binarization has unconnected port Gray_Data[19]
WARNING: [Synth 8-3331] design Gray_To_Binarization has unconnected port Gray_Data[18]
WARNING: [Synth 8-3331] design Gray_To_Binarization has unconnected port Gray_Data[17]
WARNING: [Synth 8-3331] design Gray_To_Binarization has unconnected port Gray_Data[16]
WARNING: [Synth 8-3331] design Gray_To_Binarization has unconnected port Gray_Data[15]
WARNING: [Synth 8-3331] design Gray_To_Binarization has unconnected port Gray_Data[14]
WARNING: [Synth 8-3331] design Gray_To_Binarization has unconnected port Gray_Data[13]
WARNING: [Synth 8-3331] design Gray_To_Binarization has unconnected port Gray_Data[12]
WARNING: [Synth 8-3331] design Gray_To_Binarization has unconnected port Gray_Data[11]
WARNING: [Synth 8-3331] design Gray_To_Binarization has unconnected port Gray_Data[10]
WARNING: [Synth 8-3331] design Gray_To_Binarization has unconnected port Gray_Data[9]
WARNING: [Synth 8-3331] design Gray_To_Binarization has unconnected port Gray_Data[8]
---------------------------------------------------------------------------------
Finished RTL Elaboration : Time (s): cpu = 00:00:03 ; elapsed = 00:00:04 . Memory (MB): peak = 524.676 ; gain = 157.387
---------------------------------------------------------------------------------

Report Check Netlist: 
+------+------------------+-------+---------+-------+------------------+
|      |Item              |Errors |Warnings |Status |Description       |
+------+------------------+-------+---------+-------+------------------+
|1     |multi_driven_nets |      0|        0|Passed |Multi driven nets |
+------+------------------+-------+---------+-------+------------------+
WARNING: [Synth 8-3295] tying undriven pin MIPI_Camera_IIC:i_iic_read to constant 0 [H:/xilinx/Camera_Demo/Camera_Demo.srcs/sources_1/new/Camera_Demo.v:191]
---------------------------------------------------------------------------------
Start Handling Custom Attributes
---------------------------------------------------------------------------------
---------------------------------------------------------------------------------
Finished Handling Custom Attributes : Time (s): cpu = 00:00:03 ; elapsed = 00:00:04 . Memory (MB): peak = 524.676 ; gain = 157.387
---------------------------------------------------------------------------------
---------------------------------------------------------------------------------
Finished RTL Optimization Phase 1 : Time (s): cpu = 00:00:03 ; elapsed = 00:00:04 . Memory (MB): peak = 524.676 ; gain = 157.387
---------------------------------------------------------------------------------
INFO: [Netlist 29-17] Analyzing 1 Unisim elements for replacement
INFO: [Netlist 29-28] Unisim Transformation completed in 0 CPU seconds
INFO: [Device 21-403] Loading part xc7s15ftgb196-1
INFO: [Project 1-570] Preparing netlist for logic optimization

Processing XDC Constraints
Initializing timing engine
Parsing XDC File [h:/xilinx/Camera_Demo/Camera_Demo.srcs/sources_1/ip/csi_to_axis_0/csi_to_axis_0/csi_to_axis_0_in_context.xdc] for cell 'MIPI_Trans_Driver/Data_To_Csi'
Finished Parsing XDC File [h:/xilinx/Camera_Demo/Camera_Demo.srcs/sources_1/ip/csi_to_axis_0/csi_to_axis_0/csi_to_axis_0_in_context.xdc] for cell 'MIPI_Trans_Driver/Data_To_Csi'
Parsing XDC File [h:/xilinx/Camera_Demo/Camera_Demo.srcs/sources_1/ip/csi2_d_phy_rx_0/csi2_d_phy_rx_0/csi2_d_phy_rx_0_in_context.xdc] for cell 'MIPI_Trans_Driver/Data_Read'
Finished Parsing XDC File [h:/xilinx/Camera_Demo/Camera_Demo.srcs/sources_1/ip/csi2_d_phy_rx_0/csi2_d_phy_rx_0/csi2_d_phy_rx_0_in_context.xdc] for cell 'MIPI_Trans_Driver/Data_Read'
Parsing XDC File [h:/xilinx/Camera_Demo/Camera_Demo.srcs/sources_1/ip/rgb2dvi_0/rgb2dvi_0/rgb2dvi_0_in_context.xdc] for cell 'Mini_HDMI_Driver'
Finished Parsing XDC File [h:/xilinx/Camera_Demo/Camera_Demo.srcs/sources_1/ip/rgb2dvi_0/rgb2dvi_0/rgb2dvi_0_in_context.xdc] for cell 'Mini_HDMI_Driver'
Parsing XDC File [H:/xilinx/Camera_Demo/Camera_Demo.runs/synth_1/.Xil/Vivado-11352-Gaojiahao/AXIS_Data_RAM/AXIS_Data_RAM/AXIS_Data_RAM_in_context.xdc] for cell 'MIPI_Trans_Driver/Driver_Csi_To_Dvp0/RAM_AXIS'
Finished Parsing XDC File [H:/xilinx/Camera_Demo/Camera_Demo.runs/synth_1/.Xil/Vivado-11352-Gaojiahao/AXIS_Data_RAM/AXIS_Data_RAM/AXIS_Data_RAM_in_context.xdc] for cell 'MIPI_Trans_Driver/Driver_Csi_To_Dvp0/RAM_AXIS'
Parsing XDC File [H:/xilinx/Camera_Demo/Camera_Demo.runs/synth_1/.Xil/Vivado-11352-Gaojiahao/RAM_Line/RAM_Line/RAM_Line_in_context.xdc] for cell 'MIPI_Trans_Driver/Driver_Bayer_To_RGB0/RAM_Line_Buff0'
Finished Parsing XDC File [H:/xilinx/Camera_Demo/Camera_Demo.runs/synth_1/.Xil/Vivado-11352-Gaojiahao/RAM_Line/RAM_Line/RAM_Line_in_context.xdc] for cell 'MIPI_Trans_Driver/Driver_Bayer_To_RGB0/RAM_Line_Buff0'
Parsing XDC File [H:/xilinx/Camera_Demo/Camera_Demo.runs/synth_1/.Xil/Vivado-11352-Gaojiahao/RAM_Line/RAM_Line/RAM_Line_in_context.xdc] for cell 'MIPI_Trans_Driver/Driver_Bayer_To_RGB0/RAM_Line_Buff1'
Finished Parsing XDC File [H:/xilinx/Camera_Demo/Camera_Demo.runs/synth_1/.Xil/Vivado-11352-Gaojiahao/RAM_Line/RAM_Line/RAM_Line_in_context.xdc] for cell 'MIPI_Trans_Driver/Driver_Bayer_To_RGB0/RAM_Line_Buff1'
Parsing XDC File [H:/xilinx/Camera_Demo/Camera_Demo.runs/synth_1/.Xil/Vivado-11352-Gaojiahao/RAM_Line/RAM_Line/RAM_Line_in_context.xdc] for cell 'MIPI_Trans_Driver/Driver_Bayer_To_RGB0/RAM_Line_Buff2'
Finished Parsing XDC File [H:/xilinx/Camera_Demo/Camera_Demo.runs/synth_1/.Xil/Vivado-11352-Gaojiahao/RAM_Line/RAM_Line/RAM_Line_in_context.xdc] for cell 'MIPI_Trans_Driver/Driver_Bayer_To_RGB0/RAM_Line_Buff2'
Parsing XDC File [H:/xilinx/Camera_Demo/Camera_Demo.runs/synth_1/.Xil/Vivado-11352-Gaojiahao/clk_wiz_0/clk_wiz_0/clk_wiz_0_in_context.xdc] for cell 'clk_10'
Finished Parsing XDC File [H:/xilinx/Camera_Demo/Camera_Demo.runs/synth_1/.Xil/Vivado-11352-Gaojiahao/clk_wiz_0/clk_wiz_0/clk_wiz_0_in_context.xdc] for cell 'clk_10'
Parsing XDC File [H:/xilinx/Camera_Demo/Camera_Demo.runs/synth_1/.Xil/Vivado-11352-Gaojiahao/clk_wiz_1/clk_wiz_1/clk_wiz_1_in_context.xdc] for cell 'MIPI_Trans_Driver/camera_clock'
Finished Parsing XDC File [H:/xilinx/Camera_Demo/Camera_Demo.runs/synth_1/.Xil/Vivado-11352-Gaojiahao/clk_wiz_1/clk_wiz_1/clk_wiz_1_in_context.xdc] for cell 'MIPI_Trans_Driver/camera_clock'
Parsing XDC File [H:/xilinx/Camera_Demo/Camera_Demo.srcs/constrs_1/new/system.xdc]
WARNING: [Vivado 12-508] No pins matched 'MIPI_Trans_Driver/Data_To_Csi/U0/lane_align_inst/err_req_reg/C'. [H:/xilinx/Camera_Demo/Camera_Demo.srcs/constrs_1/new/system.xdc:46]
WARNING: [Vivado 12-508] No pins matched 'MIPI_Trans_Driver/Data_Read/U0/clock_upd_req_reg/D'. [H:/xilinx/Camera_Demo/Camera_Demo.srcs/constrs_1/new/system.xdc:46]
WARNING: [Vivado 12-508] No pins matched 'MIPI_Trans_Driver/Data_To_Csi/U0/lane_align_inst/err_req_reg/C'. [H:/xilinx/Camera_Demo/Camera_Demo.srcs/constrs_1/new/system.xdc:47]
WARNING: [Vivado 12-508] No pins matched 'MIPI_Trans_Driver/Data_Read/U0/clock_upd_req_reg/D'. [H:/xilinx/Camera_Demo/Camera_Demo.srcs/constrs_1/new/system.xdc:47]
Finished Parsing XDC File [H:/xilinx/Camera_Demo/Camera_Demo.srcs/constrs_1/new/system.xdc]
WARNING: [Project 1-498] One or more constraints failed evaluation while reading constraint file [H:/xilinx/Camera_Demo/Camera_Demo.srcs/constrs_1/new/system.xdc] and the design contains unresolved black boxes. These constraints will be read post-synthesis (as long as their source constraint file is marked as used_in_implementation) and should be applied correctly then. You should review the constraints listed in the file [.Xil/Camera_Demo_propImpl.xdc] and check the run log file to verify that these constraints were correctly applied.
INFO: [Project 1-236] Implementation specific constraints were found while reading constraint file [H:/xilinx/Camera_Demo/Camera_Demo.srcs/constrs_1/new/system.xdc]. These constraints will be ignored for synthesis but will be used in implementation. Impacted constraints are listed in the file [.Xil/Camera_Demo_propImpl.xdc].
Resolution: To avoid this warning, move constraints listed in [.Xil/Camera_Demo_propImpl.xdc] to another XDC file and exclude this new file from synthesis with the used_in_synthesis property (File Properties dialog in GUI) and re-run elaboration/synthesis.
Netlist sorting complete. Time (s): cpu = 00:00:00 ; elapsed = 00:00:00 . Memory (MB): peak = 837.551 ; gain = 0.000
Completed Processing XDC Constraints

Netlist sorting complete. Time (s): cpu = 00:00:00 ; elapsed = 00:00:00 . Memory (MB): peak = 837.551 ; gain = 0.000
INFO: [Project 1-111] Unisim Transformation Summary:
  A total of 1 instances were transformed.
  IOBUF => IOBUF (IBUF, OBUFT): 1 instances

Netlist sorting complete. Time (s): cpu = 00:00:00 ; elapsed = 00:00:00.001 . Memory (MB): peak = 837.551 ; gain = 0.000
Constraint Validation Runtime : Time (s): cpu = 00:00:00 ; elapsed = 00:00:00.029 . Memory (MB): peak = 837.551 ; gain = 0.000
WARNING: [Timing 38-316] Clock period '20.000' specified during out-of-context synthesis of instance 'MIPI_Trans_Driver/Driver_Bayer_To_RGB0/RAM_Line_Buff0' at clock pin 'clka' is different from the actual clock period '10.000', this can lead to different synthesis results.
WARNING: [Timing 38-316] Clock period '20.000' specified during out-of-context synthesis of instance 'MIPI_Trans_Driver/Driver_Bayer_To_RGB0/RAM_Line_Buff1' at clock pin 'clka' is different from the actual clock period '10.000', this can lead to different synthesis results.
WARNING: [Timing 38-316] Clock period '20.000' specified during out-of-context synthesis of instance 'MIPI_Trans_Driver/Driver_Bayer_To_RGB0/RAM_Line_Buff2' at clock pin 'clka' is different from the actual clock period '10.000', this can lead to different synthesis results.
WARNING: [Timing 38-316] Clock period '20.000' specified during out-of-context synthesis of instance 'MIPI_Trans_Driver/Driver_Csi_To_Dvp0/RAM_AXIS' at clock pin 'clka' is different from the actual clock period '4.761', this can lead to different synthesis results.
---------------------------------------------------------------------------------
Finished Constraint Validation : Time (s): cpu = 00:00:10 ; elapsed = 00:00:12 . Memory (MB): peak = 837.551 ; gain = 470.262
---------------------------------------------------------------------------------
---------------------------------------------------------------------------------
Start Loading Part and Timing Information
---------------------------------------------------------------------------------
Loading part: xc7s15ftgb196-1
---------------------------------------------------------------------------------
Finished Loading Part and Timing Information : Time (s): cpu = 00:00:10 ; elapsed = 00:00:12 . Memory (MB): peak = 837.551 ; gain = 470.262
---------------------------------------------------------------------------------
---------------------------------------------------------------------------------
Start Applying 'set_property' XDC Constraints
---------------------------------------------------------------------------------
Applied set_property IO_BUFFER_TYPE = NONE for i_clk_rx_data_n. (constraint file  h:/xilinx/Camera_Demo/Camera_Demo.srcs/sources_1/ip/csi2_d_phy_rx_0/csi2_d_phy_rx_0/csi2_d_phy_rx_0_in_context.xdc, line 1).
Applied set_property CLOCK_BUFFER_TYPE = NONE for i_clk_rx_data_n. (constraint file  h:/xilinx/Camera_Demo/Camera_Demo.srcs/sources_1/ip/csi2_d_phy_rx_0/csi2_d_phy_rx_0/csi2_d_phy_rx_0_in_context.xdc, line 2).
Applied set_property IO_BUFFER_TYPE = NONE for i_clk_rx_data_p. (constraint file  h:/xilinx/Camera_Demo/Camera_Demo.srcs/sources_1/ip/csi2_d_phy_rx_0/csi2_d_phy_rx_0/csi2_d_phy_rx_0_in_context.xdc, line 3).
Applied set_property CLOCK_BUFFER_TYPE = NONE for i_clk_rx_data_p. (constraint file  h:/xilinx/Camera_Demo/Camera_Demo.srcs/sources_1/ip/csi2_d_phy_rx_0/csi2_d_phy_rx_0/csi2_d_phy_rx_0_in_context.xdc, line 4).
Applied set_property IO_BUFFER_TYPE = NONE for i_rx_data_n[0]. (constraint file  h:/xilinx/Camera_Demo/Camera_Demo.srcs/sources_1/ip/csi2_d_phy_rx_0/csi2_d_phy_rx_0/csi2_d_phy_rx_0_in_context.xdc, line 5).
Applied set_property CLOCK_BUFFER_TYPE = NONE for i_rx_data_n[0]. (constraint file  h:/xilinx/Camera_Demo/Camera_Demo.srcs/sources_1/ip/csi2_d_phy_rx_0/csi2_d_phy_rx_0/csi2_d_phy_rx_0_in_context.xdc, line 6).
Applied set_property IO_BUFFER_TYPE = NONE for i_rx_data_n[1]. (constraint file  h:/xilinx/Camera_Demo/Camera_Demo.srcs/sources_1/ip/csi2_d_phy_rx_0/csi2_d_phy_rx_0/csi2_d_phy_rx_0_in_context.xdc, line 7).
Applied set_property CLOCK_BUFFER_TYPE = NONE for i_rx_data_n[1]. (constraint file  h:/xilinx/Camera_Demo/Camera_Demo.srcs/sources_1/ip/csi2_d_phy_rx_0/csi2_d_phy_rx_0/csi2_d_phy_rx_0_in_context.xdc, line 8).
Applied set_property IO_BUFFER_TYPE = NONE for i_rx_data_p[0]. (constraint file  h:/xilinx/Camera_Demo/Camera_Demo.srcs/sources_1/ip/csi2_d_phy_rx_0/csi2_d_phy_rx_0/csi2_d_phy_rx_0_in_context.xdc, line 9).
Applied set_property CLOCK_BUFFER_TYPE = NONE for i_rx_data_p[0]. (constraint file  h:/xilinx/Camera_Demo/Camera_Demo.srcs/sources_1/ip/csi2_d_phy_rx_0/csi2_d_phy_rx_0/csi2_d_phy_rx_0_in_context.xdc, line 10).
Applied set_property IO_BUFFER_TYPE = NONE for i_rx_data_p[1]. (constraint file  h:/xilinx/Camera_Demo/Camera_Demo.srcs/sources_1/ip/csi2_d_phy_rx_0/csi2_d_phy_rx_0/csi2_d_phy_rx_0_in_context.xdc, line 11).
Applied set_property CLOCK_BUFFER_TYPE = NONE for i_rx_data_p[1]. (constraint file  h:/xilinx/Camera_Demo/Camera_Demo.srcs/sources_1/ip/csi2_d_phy_rx_0/csi2_d_phy_rx_0/csi2_d_phy_rx_0_in_context.xdc, line 12).
Applied set_property IO_BUFFER_TYPE = NONE for TMDS_Tx_Clk_N. (constraint file  h:/xilinx/Camera_Demo/Camera_Demo.srcs/sources_1/ip/rgb2dvi_0/rgb2dvi_0/rgb2dvi_0_in_context.xdc, line 1).
Applied set_property CLOCK_BUFFER_TYPE = NONE for TMDS_Tx_Clk_N. (constraint file  h:/xilinx/Camera_Demo/Camera_Demo.srcs/sources_1/ip/rgb2dvi_0/rgb2dvi_0/rgb2dvi_0_in_context.xdc, line 2).
Applied set_property IO_BUFFER_TYPE = NONE for TMDS_Tx_Clk_P. (constraint file  h:/xilinx/Camera_Demo/Camera_Demo.srcs/sources_1/ip/rgb2dvi_0/rgb2dvi_0/rgb2dvi_0_in_context.xdc, line 3).
Applied set_property CLOCK_BUFFER_TYPE = NONE for TMDS_Tx_Clk_P. (constraint file  h:/xilinx/Camera_Demo/Camera_Demo.srcs/sources_1/ip/rgb2dvi_0/rgb2dvi_0/rgb2dvi_0_in_context.xdc, line 4).
Applied set_property IO_BUFFER_TYPE = NONE for TMDS_Tx_Data_N[0]. (constraint file  h:/xilinx/Camera_Demo/Camera_Demo.srcs/sources_1/ip/rgb2dvi_0/rgb2dvi_0/rgb2dvi_0_in_context.xdc, line 5).
Applied set_property CLOCK_BUFFER_TYPE = NONE for TMDS_Tx_Data_N[0]. (constraint file  h:/xilinx/Camera_Demo/Camera_Demo.srcs/sources_1/ip/rgb2dvi_0/rgb2dvi_0/rgb2dvi_0_in_context.xdc, line 6).
Applied set_property IO_BUFFER_TYPE = NONE for TMDS_Tx_Data_N[1]. (constraint file  h:/xilinx/Camera_Demo/Camera_Demo.srcs/sources_1/ip/rgb2dvi_0/rgb2dvi_0/rgb2dvi_0_in_context.xdc, line 7).
Applied set_property CLOCK_BUFFER_TYPE = NONE for TMDS_Tx_Data_N[1]. (constraint file  h:/xilinx/Camera_Demo/Camera_Demo.srcs/sources_1/ip/rgb2dvi_0/rgb2dvi_0/rgb2dvi_0_in_context.xdc, line 8).
Applied set_property IO_BUFFER_TYPE = NONE for TMDS_Tx_Data_N[2]. (constraint file  h:/xilinx/Camera_Demo/Camera_Demo.srcs/sources_1/ip/rgb2dvi_0/rgb2dvi_0/rgb2dvi_0_in_context.xdc, line 9).
Applied set_property CLOCK_BUFFER_TYPE = NONE for TMDS_Tx_Data_N[2]. (constraint file  h:/xilinx/Camera_Demo/Camera_Demo.srcs/sources_1/ip/rgb2dvi_0/rgb2dvi_0/rgb2dvi_0_in_context.xdc, line 10).
Applied set_property IO_BUFFER_TYPE = NONE for TMDS_Tx_Data_P[0]. (constraint file  h:/xilinx/Camera_Demo/Camera_Demo.srcs/sources_1/ip/rgb2dvi_0/rgb2dvi_0/rgb2dvi_0_in_context.xdc, line 11).
Applied set_property CLOCK_BUFFER_TYPE = NONE for TMDS_Tx_Data_P[0]. (constraint file  h:/xilinx/Camera_Demo/Camera_Demo.srcs/sources_1/ip/rgb2dvi_0/rgb2dvi_0/rgb2dvi_0_in_context.xdc, line 12).
Applied set_property IO_BUFFER_TYPE = NONE for TMDS_Tx_Data_P[1]. (constraint file  h:/xilinx/Camera_Demo/Camera_Demo.srcs/sources_1/ip/rgb2dvi_0/rgb2dvi_0/rgb2dvi_0_in_context.xdc, line 13).
Applied set_property CLOCK_BUFFER_TYPE = NONE for TMDS_Tx_Data_P[1]. (constraint file  h:/xilinx/Camera_Demo/Camera_Demo.srcs/sources_1/ip/rgb2dvi_0/rgb2dvi_0/rgb2dvi_0_in_context.xdc, line 14).
Applied set_property IO_BUFFER_TYPE = NONE for TMDS_Tx_Data_P[2]. (constraint file  h:/xilinx/Camera_Demo/Camera_Demo.srcs/sources_1/ip/rgb2dvi_0/rgb2dvi_0/rgb2dvi_0_in_context.xdc, line 15).
Applied set_property CLOCK_BUFFER_TYPE = NONE for TMDS_Tx_Data_P[2]. (constraint file  h:/xilinx/Camera_Demo/Camera_Demo.srcs/sources_1/ip/rgb2dvi_0/rgb2dvi_0/rgb2dvi_0_in_context.xdc, line 16).
Applied set_property IO_BUFFER_TYPE = NONE for i_clk. (constraint file  H:/xilinx/Camera_Demo/Camera_Demo.runs/synth_1/.Xil/Vivado-11352-Gaojiahao/clk_wiz_0/clk_wiz_0/clk_wiz_0_in_context.xdc, line 4).
Applied set_property CLOCK_BUFFER_TYPE = NONE for i_clk. (constraint file  H:/xilinx/Camera_Demo/Camera_Demo.runs/synth_1/.Xil/Vivado-11352-Gaojiahao/clk_wiz_0/clk_wiz_0/clk_wiz_0_in_context.xdc, line 5).
Applied set_property DONT_TOUCH = true for MIPI_Trans_Driver/Data_To_Csi. (constraint file  auto generated constraint, line ).
Applied set_property DONT_TOUCH = true for MIPI_Trans_Driver/Data_Read. (constraint file  auto generated constraint, line ).
Applied set_property DONT_TOUCH = true for Mini_HDMI_Driver. (constraint file  auto generated constraint, line ).
Applied set_property DONT_TOUCH = true for MIPI_Trans_Driver/Driver_Csi_To_Dvp0/RAM_AXIS. (constraint file  auto generated constraint, line ).
Applied set_property DONT_TOUCH = true for MIPI_Trans_Driver/Driver_Bayer_To_RGB0/RAM_Line_Buff0. (constraint file  auto generated constraint, line ).
Applied set_property DONT_TOUCH = true for MIPI_Trans_Driver/Driver_Bayer_To_RGB0/RAM_Line_Buff1. (constraint file  auto generated constraint, line ).
Applied set_property DONT_TOUCH = true for MIPI_Trans_Driver/Driver_Bayer_To_RGB0/RAM_Line_Buff2. (constraint file  auto generated constraint, line ).
Applied set_property DONT_TOUCH = true for clk_10. (constraint file  auto generated constraint, line ).
Applied set_property DONT_TOUCH = true for MIPI_Trans_Driver/camera_clock. (constraint file  auto generated constraint, line ).
---------------------------------------------------------------------------------
Finished applying 'set_property' XDC Constraints : Time (s): cpu = 00:00:10 ; elapsed = 00:00:12 . Memory (MB): peak = 837.551 ; gain = 470.262
---------------------------------------------------------------------------------
INFO: [Synth 8-5546] ROM "vdata" won't be mapped to RAM because it is too sparse
INFO: [Synth 8-5546] ROM "addrb" won't be mapped to RAM because it is too sparse
INFO: [Synth 8-5544] ROM "rgb_data_r" won't be mapped to Block RAM because address size (4) smaller than threshold (5)
INFO: [Synth 8-802] inferred FSM for state register 'state_current_reg' in module 'Trigger_Generator'
INFO: [Synth 8-5544] ROM "flg_hold" won't be mapped to Block RAM because address size (2) smaller than threshold (5)
INFO: [Synth 8-5544] ROM "state_next" won't be mapped to Block RAM because address size (1) smaller than threshold (5)
INFO: [Synth 8-5544] ROM "flg_iic_ok" won't be mapped to Block RAM because address size (2) smaller than threshold (5)
INFO: [Synth 8-5544] ROM "flg_iic_ok" won't be mapped to Block RAM because address size (2) smaller than threshold (5)
INFO: [Synth 8-5546] ROM "flg_initial" won't be mapped to RAM because it is too sparse
INFO: [Synth 8-5546] ROM "flg_delay" won't be mapped to RAM because it is too sparse
INFO: [Synth 8-5546] ROM "iic_scl_o" won't be mapped to RAM because it is too sparse
INFO: [Synth 8-5546] ROM "iic_write_req" won't be mapped to RAM because it is too sparse
INFO: [Synth 8-5546] ROM "iic_busy_o" won't be mapped to RAM because it is too sparse
INFO: [Synth 8-5546] ROM "sda_dir_o" won't be mapped to RAM because it is too sparse
---------------------------------------------------------------------------------------------------
                   State |                     New Encoding |                Previous Encoding 
---------------------------------------------------------------------------------------------------
                 ST_WAIT |                               00 |                               00
                ST_START |                               01 |                               01
                 ST_HOLD |                               10 |                               10
                  ST_END |                               11 |                               11
---------------------------------------------------------------------------------------------------
INFO: [Synth 8-3354] encoded FSM with state register 'state_current_reg' using encoding 'sequential' in module 'Trigger_Generator'
---------------------------------------------------------------------------------
Finished RTL Optimization Phase 2 : Time (s): cpu = 00:00:10 ; elapsed = 00:00:13 . Memory (MB): peak = 837.551 ; gain = 470.262
---------------------------------------------------------------------------------

Report RTL Partitions: 
+-+--------------+------------+----------+
| |RTL Partition |Replication |Instances |
+-+--------------+------------+----------+
+-+--------------+------------+----------+
---------------------------------------------------------------------------------
Start RTL Component Statistics 
---------------------------------------------------------------------------------
Detailed RTL Component Info : 
+---Adders : 
	   2 Input     32 Bit       Adders := 4     
	   2 Input     20 Bit       Adders := 1     
	   2 Input     14 Bit       Adders := 1     
	   2 Input     11 Bit       Adders := 4     
	   2 Input     10 Bit       Adders := 4     
	   4 Input     10 Bit       Adders := 2     
	   2 Input      7 Bit       Adders := 1     
	   2 Input      4 Bit       Adders := 2     
	   2 Input      3 Bit       Adders := 1     
+---Registers : 
	               55 Bit    Registers := 1     
	               50 Bit    Registers := 1     
	               32 Bit    Registers := 5     
	               24 Bit    Registers := 5     
	               20 Bit    Registers := 1     
	               16 Bit    Registers := 1     
	               14 Bit    Registers := 1     
	               11 Bit    Registers := 6     
	               10 Bit    Registers := 8     
	                8 Bit    Registers := 26    
	                7 Bit    Registers := 2     
	                6 Bit    Registers := 3     
	                5 Bit    Registers := 1     
	                4 Bit    Registers := 4     
	                3 Bit    Registers := 6     
	                2 Bit    Registers := 6     
	                1 Bit    Registers := 34    
+---Muxes : 
	   2 Input     24 Bit        Muxes := 5     
	   2 Input     20 Bit        Muxes := 1     
	   2 Input     14 Bit        Muxes := 1     
	   2 Input     11 Bit        Muxes := 3     
	   2 Input     10 Bit        Muxes := 1     
	   5 Input     10 Bit        Muxes := 1     
	   2 Input      8 Bit        Muxes := 7     
	  12 Input      8 Bit        Muxes := 1     
	   2 Input      4 Bit        Muxes := 6     
	   3 Input      4 Bit        Muxes := 1     
	   3 Input      3 Bit        Muxes := 5     
	   2 Input      3 Bit        Muxes := 4     
	   2 Input      2 Bit        Muxes := 6     
	   3 Input      2 Bit        Muxes := 1     
	   4 Input      2 Bit        Muxes := 1     
	   8 Input      2 Bit        Muxes := 1     
	   2 Input      1 Bit        Muxes := 26    
	   5 Input      1 Bit        Muxes := 1     
	   3 Input      1 Bit        Muxes := 2     
	  12 Input      1 Bit        Muxes := 2     
---------------------------------------------------------------------------------
Finished RTL Component Statistics 
---------------------------------------------------------------------------------
---------------------------------------------------------------------------------
Start RTL Hierarchical Component Statistics 
---------------------------------------------------------------------------------
Hierarchical RTL Component report 
Module Driver_Csi_To_Dvp 
Detailed RTL Component Info : 
+---Adders : 
	   2 Input     11 Bit       Adders := 2     
	   2 Input     10 Bit       Adders := 2     
	   2 Input      4 Bit       Adders := 1     
+---Registers : 
	               16 Bit    Registers := 1     
	               11 Bit    Registers := 3     
	               10 Bit    Registers := 3     
	                8 Bit    Registers := 1     
	                4 Bit    Registers := 1     
	                3 Bit    Registers := 1     
	                2 Bit    Registers := 1     
	                1 Bit    Registers := 8     
+---Muxes : 
	   2 Input     11 Bit        Muxes := 1     
	   2 Input      2 Bit        Muxes := 1     
	   2 Input      1 Bit        Muxes := 5     
Module Driver_Bayer_To_RGB 
Detailed RTL Component Info : 
+---Adders : 
	   2 Input     11 Bit       Adders := 1     
	   4 Input     10 Bit       Adders := 2     
	   2 Input     10 Bit       Adders := 2     
+---Registers : 
	               55 Bit    Registers := 1     
	               50 Bit    Registers := 1     
	               24 Bit    Registers := 2     
	               11 Bit    Registers := 3     
	               10 Bit    Registers := 5     
	                8 Bit    Registers := 12    
	                6 Bit    Registers := 3     
	                4 Bit    Registers := 2     
	                3 Bit    Registers := 4     
	                1 Bit    Registers := 7     
+---Muxes : 
	   2 Input     10 Bit        Muxes := 1     
	   5 Input     10 Bit        Muxes := 1     
	   2 Input      8 Bit        Muxes := 4     
	   3 Input      3 Bit        Muxes := 3     
	   2 Input      3 Bit        Muxes := 2     
	   3 Input      2 Bit        Muxes := 1     
	   2 Input      2 Bit        Muxes := 1     
	   2 Input      1 Bit        Muxes := 4     
	   5 Input      1 Bit        Muxes := 1     
Module RGB_To_Gray 
Detailed RTL Component Info : 
+---Registers : 
	                8 Bit    Registers := 1     
Module boundry_tracking 
Detailed RTL Component Info : 
+---Adders : 
	   2 Input     11 Bit       Adders := 1     
+---Registers : 
	               32 Bit    Registers := 5     
	               24 Bit    Registers := 1     
	                8 Bit    Registers := 2     
	                1 Bit    Registers := 1     
+---Muxes : 
	   2 Input     11 Bit        Muxes := 2     
	   2 Input      1 Bit        Muxes := 1     
Module bianjie_disp 
Detailed RTL Component Info : 
+---Adders : 
	   2 Input     32 Bit       Adders := 4     
+---Registers : 
	               24 Bit    Registers := 1     
+---Muxes : 
	   2 Input     24 Bit        Muxes := 5     
Module ROM_OV5647 
Detailed RTL Component Info : 
+---Registers : 
	               24 Bit    Registers := 1     
	                7 Bit    Registers := 1     
Module Trigger_Generator 
Detailed RTL Component Info : 
+---Adders : 
	   2 Input      4 Bit       Adders := 1     
+---Registers : 
	                4 Bit    Registers := 1     
	                2 Bit    Registers := 1     
	                1 Bit    Registers := 3     
+---Muxes : 
	   2 Input      4 Bit        Muxes := 2     
	   4 Input      2 Bit        Muxes := 1     
	   2 Input      2 Bit        Muxes := 3     
	   2 Input      1 Bit        Muxes := 3     
Module OV5647_Init 
Detailed RTL Component Info : 
+---Adders : 
	   2 Input     20 Bit       Adders := 1     
	   2 Input      7 Bit       Adders := 1     
+---Registers : 
	               20 Bit    Registers := 1     
	                8 Bit    Registers := 4     
	                7 Bit    Registers := 1     
	                2 Bit    Registers := 2     
	                1 Bit    Registers := 5     
+---Muxes : 
	   2 Input     20 Bit        Muxes := 1     
	   8 Input      2 Bit        Muxes := 1     
	   2 Input      1 Bit        Muxes := 5     
Module Driver_IIC 
Detailed RTL Component Info : 
+---Adders : 
	   2 Input     14 Bit       Adders := 1     
	   2 Input      3 Bit       Adders := 1     
+---Registers : 
	               14 Bit    Registers := 1     
	                8 Bit    Registers := 6     
	                5 Bit    Registers := 1     
	                3 Bit    Registers := 1     
	                2 Bit    Registers := 2     
	                1 Bit    Registers := 10    
+---Muxes : 
	   2 Input     14 Bit        Muxes := 1     
	   2 Input      8 Bit        Muxes := 3     
	  12 Input      8 Bit        Muxes := 1     
	   3 Input      4 Bit        Muxes := 1     
	   2 Input      4 Bit        Muxes := 4     
	   2 Input      3 Bit        Muxes := 2     
	   3 Input      3 Bit        Muxes := 2     
	   2 Input      2 Bit        Muxes := 1     
	   2 Input      1 Bit        Muxes := 8     
	   3 Input      1 Bit        Muxes := 2     
	  12 Input      1 Bit        Muxes := 2     
---------------------------------------------------------------------------------
Finished RTL Hierarchical Component Statistics
---------------------------------------------------------------------------------
---------------------------------------------------------------------------------
Start Part Resource Summary
---------------------------------------------------------------------------------
Part Resources:
DSPs: 20 (col length:20)
BRAMs: 20 (col length: RAMB18 20 RAMB36 10)
---------------------------------------------------------------------------------
Finished Part Resource Summary
---------------------------------------------------------------------------------
---------------------------------------------------------------------------------
Start Cross Boundary and Area Optimization
---------------------------------------------------------------------------------
Warning: Parallel synthesis criteria is not met 
INFO: [Synth 8-5546] ROM "Driver_Csi_To_Dvp0/vdata" won't be mapped to RAM because it is too sparse
INFO: [Synth 8-5546] ROM "Driver_Csi_To_Dvp0/addrb" won't be mapped to RAM because it is too sparse
INFO: [Synth 8-5546] ROM "flg_initial" won't be mapped to RAM because it is too sparse
INFO: [Synth 8-5546] ROM "flg_delay" won't be mapped to RAM because it is too sparse
Why this net has no driver: _order_recur <const0>
Why this net has no driver: _order_recur <const0>
INFO: [Synth 8-3333] propagating constant 1 across sequential element (\MIPI_Camera_Driver/Trigger_Write/buffer_out_level_reg )
INFO: [Synth 8-3886] merging instance 'MIPI_Camera_Driver/OV5647/data_o_reg[15]' (FDC) to 'MIPI_Camera_IIC/state_current_reg[4]'
INFO: [Synth 8-3886] merging instance 'MIPI_Camera_Driver/OV5647/data_o_reg[23]' (FDC) to 'MIPI_Camera_IIC/state_current_reg[4]'
INFO: [Synth 8-3886] merging instance 'MIPI_Camera_Driver/reg_addr_l_reg[7]' (FDCE) to 'MIPI_Camera_Driver/reg_addr_h_reg[7]'
INFO: [Synth 8-3886] merging instance 'MIPI_Camera_Driver/slave_addr_reg[7]' (FDCE) to 'MIPI_Camera_Driver/slave_addr_reg[0]'
INFO: [Synth 8-3886] merging instance 'MIPI_Camera_Driver/slave_addr_reg[6]' (FDCE) to 'MIPI_Camera_Driver/slave_addr_reg[2]'
INFO: [Synth 8-3886] merging instance 'MIPI_Camera_Driver/slave_addr_reg[5]' (FDCE) to 'MIPI_Camera_Driver/slave_addr_reg[2]'
INFO: [Synth 8-3886] merging instance 'MIPI_Camera_Driver/slave_addr_reg[4]' (FDCE) to 'MIPI_Camera_Driver/slave_addr_reg[0]'
INFO: [Synth 8-3886] merging instance 'MIPI_Camera_Driver/slave_addr_reg[3]' (FDCE) to 'MIPI_Camera_Driver/slave_addr_reg[2]'
INFO: [Synth 8-3886] merging instance 'MIPI_Camera_Driver/slave_addr_reg[2]' (FDCE) to 'MIPI_Camera_Driver/iic_mode_reg'
INFO: [Synth 8-3886] merging instance 'MIPI_Camera_Driver/slave_addr_reg[1]' (FDCE) to 'MIPI_Camera_Driver/slave_addr_reg[0]'
INFO: [Synth 8-3333] propagating constant 0 across sequential element (\MIPI_Camera_Driver/slave_addr_reg[0] )
INFO: [Synth 8-3886] merging instance 'boundry_tracking1/data_buf_reg[6]' (FDC) to 'boundry_tracking1/data_buf_reg[0]'
INFO: [Synth 8-3886] merging instance 'boundry_tracking1/data_buf_reg[7]' (FDC) to 'boundry_tracking1/data_buf_reg[0]'
INFO: [Synth 8-3886] merging instance 'boundry_tracking1/data_buf_reg[5]' (FDC) to 'boundry_tracking1/data_buf_reg[0]'
INFO: [Synth 8-3886] merging instance 'boundry_tracking1/data_buf_reg[4]' (FDC) to 'boundry_tracking1/data_buf_reg[0]'
INFO: [Synth 8-3886] merging instance 'boundry_tracking1/data_buf_reg[3]' (FDC) to 'boundry_tracking1/data_buf_reg[0]'
INFO: [Synth 8-3886] merging instance 'boundry_tracking1/data_buf_reg[2]' (FDC) to 'boundry_tracking1/data_buf_reg[0]'
INFO: [Synth 8-3886] merging instance 'boundry_tracking1/data_buf_reg[1]' (FDC) to 'boundry_tracking1/data_buf_reg[0]'
INFO: [Synth 8-3886] merging instance 'boundry_tracking1/data_buf1_reg[6]' (FDC) to 'boundry_tracking1/data_buf1_reg[1]'
INFO: [Synth 8-3886] merging instance 'boundry_tracking1/data_buf1_reg[7]' (FDC) to 'boundry_tracking1/data_buf1_reg[1]'
INFO: [Synth 8-3886] merging instance 'boundry_tracking1/data_buf1_reg[5]' (FDC) to 'boundry_tracking1/data_buf1_reg[1]'
INFO: [Synth 8-3886] merging instance 'boundry_tracking1/data_buf1_reg[4]' (FDC) to 'boundry_tracking1/data_buf1_reg[1]'
INFO: [Synth 8-3886] merging instance 'boundry_tracking1/data_buf1_reg[3]' (FDC) to 'boundry_tracking1/data_buf1_reg[1]'
INFO: [Synth 8-3886] merging instance 'boundry_tracking1/data_buf1_reg[2]' (FDC) to 'boundry_tracking1/data_buf1_reg[1]'
INFO: [Synth 8-3886] merging instance 'boundry_tracking1/data_buf1_reg[1]' (FDC) to 'boundry_tracking1/data_buf1_reg[0]'
INFO: [Synth 8-3886] merging instance 'MIPI_Camera_IIC/buf_slave_addr_r_reg[7]' (FDC) to 'MIPI_Camera_IIC/buf_slave_addr_r_reg[4]'
INFO: [Synth 8-3886] merging instance 'MIPI_Camera_IIC/buf_slave_addr_r_reg[6]' (FDC) to 'MIPI_Camera_IIC/buf_slave_addr_w_reg[2]'
INFO: [Synth 8-3886] merging instance 'MIPI_Camera_IIC/buf_slave_addr_r_reg[5]' (FDC) to 'MIPI_Camera_IIC/buf_slave_addr_w_reg[2]'
INFO: [Synth 8-3886] merging instance 'MIPI_Camera_IIC/buf_slave_addr_r_reg[4]' (FDC) to 'MIPI_Camera_IIC/buf_slave_addr_r_reg[1]'
INFO: [Synth 8-3886] merging instance 'MIPI_Camera_IIC/buf_slave_addr_r_reg[3]' (FDC) to 'MIPI_Camera_IIC/buf_slave_addr_w_reg[2]'
INFO: [Synth 8-3886] merging instance 'MIPI_Camera_IIC/buf_slave_addr_r_reg[2]' (FDC) to 'MIPI_Camera_IIC/buf_slave_addr_w_reg[2]'
INFO: [Synth 8-3886] merging instance 'MIPI_Camera_IIC/buf_slave_addr_r_reg[1]' (FDC) to 'MIPI_Camera_IIC/buf_slave_addr_w_reg[7]'
INFO: [Synth 8-3886] merging instance 'MIPI_Camera_IIC/buf_reg_addr_l_reg[7]' (FDC) to 'MIPI_Camera_IIC/buf_reg_addr_h_reg[7]'
INFO: [Synth 8-3886] merging instance 'MIPI_Camera_IIC/buf_slave_addr_w_reg[7]' (FDC) to 'MIPI_Camera_IIC/buf_slave_addr_w_reg[4]'
INFO: [Synth 8-3886] merging instance 'MIPI_Camera_IIC/buf_slave_addr_w_reg[6]' (FDC) to 'MIPI_Camera_IIC/buf_slave_addr_w_reg[2]'
INFO: [Synth 8-3886] merging instance 'MIPI_Camera_IIC/buf_slave_addr_w_reg[5]' (FDC) to 'MIPI_Camera_IIC/buf_slave_addr_w_reg[2]'
INFO: [Synth 8-3886] merging instance 'MIPI_Camera_IIC/buf_slave_addr_w_reg[4]' (FDC) to 'MIPI_Camera_IIC/buf_slave_addr_w_reg[1]'
INFO: [Synth 8-3886] merging instance 'MIPI_Camera_IIC/buf_slave_addr_w_reg[3]' (FDC) to 'MIPI_Camera_IIC/buf_slave_addr_w_reg[2]'
INFO: [Synth 8-3886] merging instance 'MIPI_Camera_IIC/buf_slave_addr_w_reg[2]' (FDC) to 'MIPI_Camera_IIC/buf_iic_mode_reg'
INFO: [Synth 8-3886] merging instance 'MIPI_Camera_IIC/buf_slave_addr_w_reg[1]' (FDC) to 'MIPI_Camera_IIC/buf_slave_addr_w_reg[0]'
INFO: [Synth 8-3886] merging instance 'MIPI_Camera_IIC/buf_slave_addr_w_reg[0]' (FDC) to 'MIPI_Camera_IIC/state_current_reg[4]'
INFO: [Synth 8-3333] propagating constant 0 across sequential element (\MIPI_Camera_IIC/state_current_reg[4] )
INFO: [Synth 8-3886] merging instance 'boundry_tracking1/data_out_reg[0]' (FDE) to 'boundry_tracking1/data_out_reg[23]'
INFO: [Synth 8-3886] merging instance 'boundry_tracking1/data_out_reg[1]' (FDE) to 'boundry_tracking1/data_out_reg[23]'
INFO: [Synth 8-3886] merging instance 'boundry_tracking1/data_out_reg[2]' (FDE) to 'boundry_tracking1/data_out_reg[23]'
INFO: [Synth 8-3886] merging instance 'boundry_tracking1/data_out_reg[3]' (FDE) to 'boundry_tracking1/data_out_reg[23]'
INFO: [Synth 8-3886] merging instance 'boundry_tracking1/data_out_reg[4]' (FDE) to 'boundry_tracking1/data_out_reg[23]'
INFO: [Synth 8-3886] merging instance 'boundry_tracking1/data_out_reg[5]' (FDE) to 'boundry_tracking1/data_out_reg[23]'
INFO: [Synth 8-3886] merging instance 'boundry_tracking1/data_out_reg[6]' (FDE) to 'boundry_tracking1/data_out_reg[23]'
INFO: [Synth 8-3886] merging instance 'boundry_tracking1/data_out_reg[7]' (FDE) to 'boundry_tracking1/data_out_reg[23]'
INFO: [Synth 8-3886] merging instance 'boundry_tracking1/data_out_reg[8]' (FDE) to 'boundry_tracking1/data_out_reg[23]'
INFO: [Synth 8-3886] merging instance 'boundry_tracking1/data_out_reg[9]' (FDE) to 'boundry_tracking1/data_out_reg[23]'
INFO: [Synth 8-3886] merging instance 'boundry_tracking1/data_out_reg[10]' (FDE) to 'boundry_tracking1/data_out_reg[23]'
INFO: [Synth 8-3886] merging instance 'boundry_tracking1/data_out_reg[11]' (FDE) to 'boundry_tracking1/data_out_reg[23]'
INFO: [Synth 8-3886] merging instance 'boundry_tracking1/data_out_reg[12]' (FDE) to 'boundry_tracking1/data_out_reg[23]'
INFO: [Synth 8-3886] merging instance 'boundry_tracking1/data_out_reg[13]' (FDE) to 'boundry_tracking1/data_out_reg[23]'
INFO: [Synth 8-3886] merging instance 'boundry_tracking1/data_out_reg[14]' (FDE) to 'boundry_tracking1/data_out_reg[23]'
INFO: [Synth 8-3886] merging instance 'boundry_tracking1/data_out_reg[15]' (FDE) to 'boundry_tracking1/data_out_reg[23]'
INFO: [Synth 8-3886] merging instance 'boundry_tracking1/data_out_reg[16]' (FDE) to 'boundry_tracking1/data_out_reg[23]'
INFO: [Synth 8-3886] merging instance 'boundry_tracking1/data_out_reg[17]' (FDE) to 'boundry_tracking1/data_out_reg[23]'
INFO: [Synth 8-3886] merging instance 'boundry_tracking1/data_out_reg[18]' (FDE) to 'boundry_tracking1/data_out_reg[23]'
INFO: [Synth 8-3886] merging instance 'boundry_tracking1/data_out_reg[19]' (FDE) to 'boundry_tracking1/data_out_reg[23]'
INFO: [Synth 8-3886] merging instance 'boundry_tracking1/data_out_reg[20]' (FDE) to 'boundry_tracking1/data_out_reg[23]'
INFO: [Synth 8-3886] merging instance 'boundry_tracking1/data_out_reg[21]' (FDE) to 'boundry_tracking1/data_out_reg[23]'
INFO: [Synth 8-3886] merging instance 'boundry_tracking1/data_out_reg[22]' (FDE) to 'boundry_tracking1/data_out_reg[23]'
INFO: [Synth 8-3886] merging instance 'boundry_tracking1/lie_flag_reg[11]' (FDC) to 'boundry_tracking1/lie_flag_reg[31]'
INFO: [Synth 8-3886] merging instance 'boundry_tracking1/lie_flag_reg[12]' (FDC) to 'boundry_tracking1/lie_flag_reg[31]'
INFO: [Synth 8-3886] merging instance 'boundry_tracking1/lie_flag_reg[13]' (FDC) to 'boundry_tracking1/lie_flag_reg[31]'
INFO: [Synth 8-3886] merging instance 'boundry_tracking1/lie_flag_reg[14]' (FDC) to 'boundry_tracking1/lie_flag_reg[31]'
INFO: [Synth 8-3886] merging instance 'boundry_tracking1/lie_flag_reg[15]' (FDC) to 'boundry_tracking1/lie_flag_reg[31]'
INFO: [Synth 8-3886] merging instance 'boundry_tracking1/lie_flag_reg[16]' (FDC) to 'boundry_tracking1/lie_flag_reg[31]'
INFO: [Synth 8-3886] merging instance 'boundry_tracking1/lie_flag_reg[17]' (FDC) to 'boundry_tracking1/lie_flag_reg[31]'
INFO: [Synth 8-3886] merging instance 'boundry_tracking1/lie_flag_reg[18]' (FDC) to 'boundry_tracking1/lie_flag_reg[31]'
INFO: [Synth 8-3886] merging instance 'boundry_tracking1/lie_flag_reg[19]' (FDC) to 'boundry_tracking1/lie_flag_reg[31]'
INFO: [Synth 8-3886] merging instance 'boundry_tracking1/lie_flag_reg[20]' (FDC) to 'boundry_tracking1/lie_flag_reg[31]'
INFO: [Synth 8-3886] merging instance 'boundry_tracking1/lie_flag_reg[21]' (FDC) to 'boundry_tracking1/lie_flag_reg[31]'
INFO: [Synth 8-3886] merging instance 'boundry_tracking1/lie_flag_reg[22]' (FDC) to 'boundry_tracking1/lie_flag_reg[31]'
INFO: [Synth 8-3886] merging instance 'boundry_tracking1/lie_flag_reg[23]' (FDC) to 'boundry_tracking1/lie_flag_reg[31]'
INFO: [Synth 8-3886] merging instance 'boundry_tracking1/lie_flag_reg[24]' (FDC) to 'boundry_tracking1/lie_flag_reg[31]'
INFO: [Synth 8-3886] merging instance 'boundry_tracking1/lie_flag_reg[25]' (FDC) to 'boundry_tracking1/lie_flag_reg[31]'
INFO: [Synth 8-3886] merging instance 'boundry_tracking1/lie_flag_reg[26]' (FDC) to 'boundry_tracking1/lie_flag_reg[31]'
INFO: [Synth 8-3886] merging instance 'boundry_tracking1/lie_flag_reg[27]' (FDC) to 'boundry_tracking1/lie_flag_reg[31]'
INFO: [Synth 8-3886] merging instance 'boundry_tracking1/lie_flag_reg[28]' (FDC) to 'boundry_tracking1/lie_flag_reg[31]'
INFO: [Synth 8-3886] merging instance 'boundry_tracking1/lie_flag_reg[29]' (FDC) to 'boundry_tracking1/lie_flag_reg[31]'
INFO: [Synth 8-3886] merging instance 'boundry_tracking1/lie_flag_reg[30]' (FDC) to 'boundry_tracking1/lie_flag_reg[31]'
INFO: [Synth 8-3886] merging instance 'boundry_tracking1/lie_right_reg[31]' (FDCE) to 'boundry_tracking1/lie_right_reg[30]'
INFO: [Synth 8-3333] propagating constant 0 across sequential element (\boundry_tracking1/lie_flag_reg[31] )
INFO: [Synth 8-3886] merging instance 'bianjie_disp1/data_out_reg[0]' (FD) to 'bianjie_disp1/data_out_reg[1]'
INFO: [Synth 8-3886] merging instance 'bianjie_disp1/data_out_reg[1]' (FD) to 'bianjie_disp1/data_out_reg[2]'
INFO: [Synth 8-3886] merging instance 'bianjie_disp1/data_out_reg[2]' (FD) to 'bianjie_disp1/data_out_reg[3]'
INFO: [Synth 8-3886] merging instance 'bianjie_disp1/data_out_reg[3]' (FD) to 'bianjie_disp1/data_out_reg[4]'
INFO: [Synth 8-3886] merging instance 'bianjie_disp1/data_out_reg[4]' (FD) to 'bianjie_disp1/data_out_reg[5]'
INFO: [Synth 8-3886] merging instance 'bianjie_disp1/data_out_reg[5]' (FD) to 'bianjie_disp1/data_out_reg[6]'
INFO: [Synth 8-3886] merging instance 'bianjie_disp1/data_out_reg[6]' (FD) to 'bianjie_disp1/data_out_reg[7]'
INFO: [Synth 8-3886] merging instance 'bianjie_disp1/data_out_reg[7]' (FD) to 'bianjie_disp1/data_out_reg[8]'
INFO: [Synth 8-3886] merging instance 'bianjie_disp1/data_out_reg[8]' (FD) to 'bianjie_disp1/data_out_reg[9]'
INFO: [Synth 8-3886] merging instance 'bianjie_disp1/data_out_reg[9]' (FD) to 'bianjie_disp1/data_out_reg[10]'
INFO: [Synth 8-3886] merging instance 'bianjie_disp1/data_out_reg[10]' (FD) to 'bianjie_disp1/data_out_reg[11]'
INFO: [Synth 8-3886] merging instance 'bianjie_disp1/data_out_reg[11]' (FD) to 'bianjie_disp1/data_out_reg[12]'
INFO: [Synth 8-3886] merging instance 'bianjie_disp1/data_out_reg[12]' (FD) to 'bianjie_disp1/data_out_reg[13]'
INFO: [Synth 8-3886] merging instance 'bianjie_disp1/data_out_reg[13]' (FD) to 'bianjie_disp1/data_out_reg[14]'
INFO: [Synth 8-3886] merging instance 'bianjie_disp1/data_out_reg[14]' (FD) to 'bianjie_disp1/data_out_reg[15]'
INFO: [Synth 8-3886] merging instance 'bianjie_disp1/data_out_reg[16]' (FD) to 'bianjie_disp1/data_out_reg[17]'
INFO: [Common 17-14] Message 'Synth 8-3886' appears 100 times and further instances of the messages will be disabled. Use the Tcl command set_msg_config to change the current settings.
---------------------------------------------------------------------------------
Finished Cross Boundary and Area Optimization : Time (s): cpu = 00:00:16 ; elapsed = 00:00:18 . Memory (MB): peak = 837.551 ; gain = 470.262
---------------------------------------------------------------------------------
---------------------------------------------------------------------------------
Start ROM, RAM, DSP and Shift Register Reporting
---------------------------------------------------------------------------------

ROM:
+------------+------------+---------------+----------------+
|Module Name | RTL Object | Depth x Width | Implemented As | 
+------------+------------+---------------+----------------+
|ROM_OV5647  | p_0_out    | 128x24        | LUT            | 
|OV5647_Init | p_0_out    | 128x24        | LUT            | 
+------------+------------+---------------+----------------+

---------------------------------------------------------------------------------
Finished ROM, RAM, DSP and Shift Register Reporting
---------------------------------------------------------------------------------

Report RTL Partitions: 
+-+--------------+------------+----------+
| |RTL Partition |Replication |Instances |
+-+--------------+------------+----------+
+-+--------------+------------+----------+
---------------------------------------------------------------------------------
Start Applying XDC Timing Constraints
---------------------------------------------------------------------------------
INFO: [Synth 8-5578] Moved timing constraint from pin 'clk_10/clk_out1' to pin 'clk_10/bbstub_clk_out1/O'
INFO: [Synth 8-5578] Moved timing constraint from pin 'clk_10/clk_out2' to pin 'clk_10/bbstub_clk_out2/O'
INFO: [Synth 8-5578] Moved timing constraint from pin 'MIPI_Trans_Driver/camera_clock/clk_in1' to pin 'MIPI_Trans_Driver/Data_Read/bbstub_rxbyteclkhs/O'
INFO: [Synth 8-5578] Moved timing constraint from pin 'MIPI_Trans_Driver/camera_clock/clk_out1' to pin 'MIPI_Trans_Driver/camera_clock/bbstub_clk_out1/O'
INFO: [Synth 8-5783] Moving clock source from hierarchical pin 'MIPI_Trans_Driver/camera_clock/clk_in1' to 'MIPI_Trans_Driver/Driver_Csi_To_Dvp0/axis_tdata_i_reg[15]/C'
INFO: [Synth 8-5819] Moved 4 constraints on hierarchical pins to their respective driving/loading pins
---------------------------------------------------------------------------------
Finished Applying XDC Timing Constraints : Time (s): cpu = 00:00:22 ; elapsed = 00:00:25 . Memory (MB): peak = 837.551 ; gain = 470.262
---------------------------------------------------------------------------------
---------------------------------------------------------------------------------
Start Timing Optimization
---------------------------------------------------------------------------------
---------------------------------------------------------------------------------
Finished Timing Optimization : Time (s): cpu = 00:00:23 ; elapsed = 00:00:26 . Memory (MB): peak = 852.145 ; gain = 484.855
---------------------------------------------------------------------------------

Report RTL Partitions: 
+-+--------------+------------+----------+
| |RTL Partition |Replication |Instances |
+-+--------------+------------+----------+
+-+--------------+------------+----------+
---------------------------------------------------------------------------------
Start Technology Mapping
---------------------------------------------------------------------------------
---------------------------------------------------------------------------------
Finished Technology Mapping : Time (s): cpu = 00:00:23 ; elapsed = 00:00:26 . Memory (MB): peak = 864.949 ; gain = 497.660
---------------------------------------------------------------------------------

Report RTL Partitions: 
+-+--------------+------------+----------+
| |RTL Partition |Replication |Instances |
+-+--------------+------------+----------+
+-+--------------+------------+----------+
---------------------------------------------------------------------------------
Start IO Insertion
---------------------------------------------------------------------------------
---------------------------------------------------------------------------------
Start Flattening Before IO Insertion
---------------------------------------------------------------------------------
---------------------------------------------------------------------------------
Finished Flattening Before IO Insertion
---------------------------------------------------------------------------------
---------------------------------------------------------------------------------
Start Final Netlist Cleanup
---------------------------------------------------------------------------------
INFO: [Synth 8-5365] Flop MIPI_Camera_IIC/sda_dir_o_reg is being inverted and renamed to MIPI_Camera_IIC/sda_dir_o_reg_inv.
---------------------------------------------------------------------------------
Finished Final Netlist Cleanup
---------------------------------------------------------------------------------
---------------------------------------------------------------------------------
Finished IO Insertion : Time (s): cpu = 00:00:24 ; elapsed = 00:00:27 . Memory (MB): peak = 864.949 ; gain = 497.660
---------------------------------------------------------------------------------

Report Check Netlist: 
+------+------------------+-------+---------+-------+------------------+
|      |Item              |Errors |Warnings |Status |Description       |
+------+------------------+-------+---------+-------+------------------+
|1     |multi_driven_nets |      0|        0|Passed |Multi driven nets |
+------+------------------+-------+---------+-------+------------------+
---------------------------------------------------------------------------------
Start Renaming Generated Instances
---------------------------------------------------------------------------------
---------------------------------------------------------------------------------
Finished Renaming Generated Instances : Time (s): cpu = 00:00:24 ; elapsed = 00:00:27 . Memory (MB): peak = 864.949 ; gain = 497.660
---------------------------------------------------------------------------------

Report RTL Partitions: 
+-+--------------+------------+----------+
| |RTL Partition |Replication |Instances |
+-+--------------+------------+----------+
+-+--------------+------------+----------+
---------------------------------------------------------------------------------
Start Rebuilding User Hierarchy
---------------------------------------------------------------------------------
---------------------------------------------------------------------------------
Finished Rebuilding User Hierarchy : Time (s): cpu = 00:00:24 ; elapsed = 00:00:27 . Memory (MB): peak = 864.949 ; gain = 497.660
---------------------------------------------------------------------------------
---------------------------------------------------------------------------------
Start Renaming Generated Ports
---------------------------------------------------------------------------------
---------------------------------------------------------------------------------
Finished Renaming Generated Ports : Time (s): cpu = 00:00:24 ; elapsed = 00:00:27 . Memory (MB): peak = 864.949 ; gain = 497.660
---------------------------------------------------------------------------------
---------------------------------------------------------------------------------
Start Handling Custom Attributes
---------------------------------------------------------------------------------
---------------------------------------------------------------------------------
Finished Handling Custom Attributes : Time (s): cpu = 00:00:24 ; elapsed = 00:00:27 . Memory (MB): peak = 864.949 ; gain = 497.660
---------------------------------------------------------------------------------
---------------------------------------------------------------------------------
Start Renaming Generated Nets
---------------------------------------------------------------------------------
---------------------------------------------------------------------------------
Finished Renaming Generated Nets : Time (s): cpu = 00:00:24 ; elapsed = 00:00:27 . Memory (MB): peak = 864.949 ; gain = 497.660
---------------------------------------------------------------------------------
---------------------------------------------------------------------------------
Start ROM, RAM, DSP and Shift Register Reporting
---------------------------------------------------------------------------------

Static Shift Register Report:
+------------+-----------------------------------------------------------+--------+-------+--------------+--------------------+-------------------+--------+---------+
|Module Name | RTL Name                                                  | Length | Width | Reset Signal | Pull out first Reg | Pull out last Reg | SRL16E | SRLC32E | 
+------------+-----------------------------------------------------------+--------+-------+--------------+--------------------+-------------------+--------+---------+
|Camera_Demo | MIPI_Trans_Driver/Driver_Bayer_To_RGB0/hsync_o_reg        | 7      | 1     | NO           | NO                 | YES               | 1      | 0       | 
|Camera_Demo | MIPI_Trans_Driver/Driver_Bayer_To_RGB0/vsync_o_reg        | 7      | 1     | NO           | NO                 | YES               | 1      | 0       | 
|Camera_Demo | MIPI_Trans_Driver/Driver_Bayer_To_RGB0/flg_pos_vde_reg[2] | 3      | 1     | NO           | NO                 | YES               | 1      | 0       | 
|Camera_Demo | MIPI_Trans_Driver/Driver_Bayer_To_RGB0/vsync_i_reg[1]     | 3      | 1     | NO           | NO                 | YES               | 1      | 0       | 
|Camera_Demo | MIPI_Trans_Driver/Driver_Bayer_To_RGB0/line2_reg[0][7]    | 3      | 8     | NO           | NO                 | YES               | 8      | 0       | 
+------------+-----------------------------------------------------------+--------+-------+--------------+--------------------+-------------------+--------+---------+

---------------------------------------------------------------------------------
Finished ROM, RAM, DSP and Shift Register Reporting
---------------------------------------------------------------------------------
---------------------------------------------------------------------------------
Start Writing Synthesis Report
---------------------------------------------------------------------------------

Report BlackBoxes: 
+------+----------------+----------+
|      |BlackBox name   |Instances |
+------+----------------+----------+
|1     |clk_wiz_0       |         1|
|2     |rgb2dvi_0       |         1|
|3     |clk_wiz_1       |         1|
|4     |csi2_d_phy_rx_0 |         1|
|5     |csi_to_axis_0   |         1|
|6     |RAM_Line        |         3|
|7     |AXIS_Data_RAM   |         1|
+------+----------------+----------+

Report Cell Usage: 
+------+----------------+------+
|      |Cell            |Count |
+------+----------------+------+
|1     |AXIS_Data_RAM   |     1|
|2     |RAM_Line        |     1|
|3     |RAM_Line__3     |     1|
|4     |RAM_Line__4     |     1|
|5     |clk_wiz_0       |     1|
|6     |clk_wiz_1       |     1|
|7     |csi2_d_phy_rx_0 |     1|
|8     |csi_to_axis_0   |     1|
|9     |rgb2dvi_0       |     1|
|10    |CARRY4          |   136|
|11    |LUT1            |    65|
|12    |LUT2            |   199|
|13    |LUT3            |   106|
|14    |LUT4            |   326|
|15    |LUT5            |    85|
|16    |LUT6            |   172|
|17    |MUXF7           |    18|
|18    |SRL16E          |    12|
|19    |FDCE            |   265|
|20    |FDPE            |    17|
|21    |FDRE            |   300|
|22    |IBUF            |     3|
|23    |IOBUF           |     1|
|24    |OBUF            |     2|
+------+----------------+------+

Report Instance Areas: 
+------+-------------------------+---------------------+------+
|      |Instance                 |Module               |Cells |
+------+-------------------------+---------------------+------+
|1     |top                      |                     |  1821|
|2     |  Gray_To_Binarization1  |Gray_To_Binarization |     2|
|3     |  MIPI_Camera_Driver     |OV5647_Init          |   213|
|4     |    OV5647               |ROM_OV5647           |    71|
|5     |    Trigger_Write        |Trigger_Generator    |    18|
|6     |  MIPI_Camera_IIC        |Driver_IIC           |   129|
|7     |  MIPI_Trans_Driver      |Driver_MIPI          |   705|
|8     |    Driver_Bayer_To_RGB0 |Driver_Bayer_To_RGB  |   459|
|9     |    Driver_Csi_To_Dvp0   |Driver_Csi_To_Dvp    |   174|
|10    |  RGB_To_GRAY1           |RGB_To_Gray          |   176|
|11    |  bianjie_disp1          |bianjie_disp         |    24|
|12    |  boundry_tracking1      |boundry_tracking     |   556|
+------+-------------------------+---------------------+------+
---------------------------------------------------------------------------------
Finished Writing Synthesis Report : Time (s): cpu = 00:00:24 ; elapsed = 00:00:27 . Memory (MB): peak = 864.949 ; gain = 497.660
---------------------------------------------------------------------------------
Synthesis finished with 0 errors, 0 critical warnings and 0 warnings.
Synthesis Optimization Runtime : Time (s): cpu = 00:00:18 ; elapsed = 00:00:22 . Memory (MB): peak = 864.949 ; gain = 184.785
Synthesis Optimization Complete : Time (s): cpu = 00:00:25 ; elapsed = 00:00:27 . Memory (MB): peak = 864.949 ; gain = 497.660
INFO: [Project 1-571] Translating synthesized netlist
INFO: [Netlist 29-17] Analyzing 155 Unisim elements for replacement
INFO: [Netlist 29-28] Unisim Transformation completed in 0 CPU seconds
INFO: [Project 1-570] Preparing netlist for logic optimization
INFO: [Opt 31-138] Pushed 0 inverter(s) to 0 load pin(s).
Netlist sorting complete. Time (s): cpu = 00:00:00 ; elapsed = 00:00:00.001 . Memory (MB): peak = 864.949 ; gain = 0.000
INFO: [Project 1-111] Unisim Transformation Summary:
  A total of 1 instances were transformed.
  IOBUF => IOBUF (IBUF, OBUFT): 1 instances

INFO: [Common 17-83] Releasing license: Synthesis
189 Infos, 45 Warnings, 0 Critical Warnings and 0 Errors encountered.
synth_design completed successfully
synth_design: Time (s): cpu = 00:00:27 ; elapsed = 00:00:30 . Memory (MB): peak = 864.949 ; gain = 509.691
Netlist sorting complete. Time (s): cpu = 00:00:00 ; elapsed = 00:00:00.001 . Memory (MB): peak = 864.949 ; gain = 0.000
WARNING: [Constraints 18-5210] No constraints selected for write.
Resolution: This message can indicate that there are no constraints for the design, or it can indicate that the used_in flags are set such that the constraints are ignored. This later case is used when running synth_design to not write synthesis constraints to the resulting checkpoint. Instead, project constraints are read when the synthesized design is opened.
INFO: [Common 17-1381] The checkpoint 'H:/xilinx/Camera_Demo/Camera_Demo.runs/synth_1/Camera_Demo.dcp' has been generated.
INFO: [runtcl-4] Executing : report_utilization -file Camera_Demo_utilization_synth.rpt -pb Camera_Demo_utilization_synth.pb
INFO: [Common 17-206] Exiting Vivado at Sat Aug  1 15:27:19 2020...
